[INFO ] 2023-11-17 21:01:15.505[main]Client - Record added successfully
[INFO ] 2023-11-17 21:01:54.417[main]Client - Record added successfully
[INFO ] 2023-11-17 21:48:25.116[AWT-EventQueue-0]Login - Attempting login...
[INFO ] 2023-11-17 21:48:27.012[AWT-EventQueue-0]Login - Login successful! Welcome, Customer!
[INFO ] 2023-11-17 21:48:27.050[AWT-EventQueue-0]CustomerDashboard - Initializing CustomerDashboard...
[INFO ] 2023-11-17 21:48:27.338[AWT-EventQueue-0]CustomerDashboard - CustomerDashboard components initialized.
[INFO ] 2023-11-17 21:48:27.346[AWT-EventQueue-0]CustomerDashboard - Customer ID retrieved successfully: 1
[INFO ] 2023-11-17 21:48:27.383[AWT-EventQueue-0]CustomerDashboard - Setup of CustomerDashboard completed.
[INFO ] 2023-11-17 23:35:23.149[AWT-EventQueue-0]Login - Attempting login...
[INFO ] 2023-11-17 23:35:25.350[AWT-EventQueue-0]Login - Login successful! Welcome, Customer!
[INFO ] 2023-11-17 23:35:25.438[AWT-EventQueue-0]CustomerDashboard - Initializing CustomerDashboard...
[INFO ] 2023-11-17 23:35:25.787[AWT-EventQueue-0]CustomerDashboard - CustomerDashboard components initialized.
[INFO ] 2023-11-17 23:35:25.798[AWT-EventQueue-0]CustomerDashboard - Customer ID retrieved successfully: 1
[INFO ] 2023-11-17 23:35:25.818[AWT-EventQueue-0]CustomerDashboard - Setup of CustomerDashboard completed.
[INFO ] 2023-11-17 23:40:03.571[AWT-EventQueue-0]Login - Attempting login...
[INFO ] 2023-11-17 23:40:06.095[AWT-EventQueue-0]Login - Login successful! Welcome, Customer!
[INFO ] 2023-11-17 23:40:06.136[AWT-EventQueue-0]CustomerDashboard - Initializing CustomerDashboard...
[INFO ] 2023-11-17 23:40:06.498[AWT-EventQueue-0]CustomerDashboard - CustomerDashboard components initialized.
[INFO ] 2023-11-17 23:40:06.506[AWT-EventQueue-0]CustomerDashboard - Customer ID retrieved successfully: 1
[INFO ] 2023-11-17 23:40:06.525[AWT-EventQueue-0]CustomerDashboard - Setup of CustomerDashboard completed.
[INFO ] 2023-11-17 23:47:26.903[AWT-EventQueue-0]Login - Attempting login...
[INFO ] 2023-11-17 23:47:28.333[AWT-EventQueue-0]Login - Login successful! Welcome, Customer!
[INFO ] 2023-11-17 23:47:28.375[AWT-EventQueue-0]CustomerDashboard - Initializing CustomerDashboard...
[INFO ] 2023-11-17 23:47:28.719[AWT-EventQueue-0]CustomerDashboard - CustomerDashboard components initialized.
[INFO ] 2023-11-17 23:47:28.727[AWT-EventQueue-0]CustomerDashboard - Customer ID retrieved successfully: 1
[INFO ] 2023-11-17 23:47:28.743[AWT-EventQueue-0]CustomerDashboard - Setup of CustomerDashboard completed.
[INFO ] 2023-11-17 23:48:40.608[AWT-EventQueue-0]Login - Attempting login...
[INFO ] 2023-11-17 23:48:42.563[AWT-EventQueue-0]Login - Login successful! Welcome, Customer!
[INFO ] 2023-11-17 23:48:42.609[AWT-EventQueue-0]CustomerDashboard - Initializing CustomerDashboard...
[INFO ] 2023-11-17 23:48:42.933[AWT-EventQueue-0]CustomerDashboard - CustomerDashboard components initialized.
[INFO ] 2023-11-17 23:48:42.941[AWT-EventQueue-0]CustomerDashboard - Customer ID retrieved successfully: 1
[INFO ] 2023-11-17 23:48:42.968[AWT-EventQueue-0]CustomerDashboard - Setup of CustomerDashboard completed.
[INFO ] 2023-11-17 23:54:28.739[AWT-EventQueue-0]Login - Attempting login...
[INFO ] 2023-11-17 23:54:31.058[AWT-EventQueue-0]Login - Login successful! Welcome, Customer!
[INFO ] 2023-11-17 23:54:31.096[AWT-EventQueue-0]CustomerDashboard - Initializing CustomerDashboard...
[INFO ] 2023-11-17 23:54:31.422[AWT-EventQueue-0]CustomerDashboard - CustomerDashboard components initialized.
[INFO ] 2023-11-17 23:54:31.431[AWT-EventQueue-0]CustomerDashboard - Customer ID retrieved successfully: 1
[INFO ] 2023-11-17 23:54:31.453[AWT-EventQueue-0]CustomerDashboard - Setup of CustomerDashboard completed.
